<?xml version="1.0" encoding="UTF-8"?>
<!-- Generated by org.testng.reporters.JUnitXMLReporter -->
<testsuite ignored="0" hostname="ARASUPALANIVEL" failures="0" tests="3" name="Test" time="9.446" errors="0" timestamp="2025-05-15T11:52:37 IST">
  <testcase classname="org.saucedemo.main.Testng" name="login" time="3.168"/>
  <testcase classname="org.saucedemo.main.Testng" name="loginErrMessage" time="2.368"/>
  <testcase classname="org.saucedemo.main.Testng" name="addToCart" time="3.832"/>
</testsuite> <!-- Test -->
